<?xml version="1.0" encoding="UTF-8"?>
<!-- Generated by org.testng.reporters.JUnitReportReporter -->
<testsuite skipped="0" hostname="LAPTOP-BIR49KSK" name="SampleTest.Sample.LoginTest" tests="1" failures="0" timestamp="22 Jun 2020 15:18:57 GMT" time="11.379" errors="0">
  <testcase name="test" time="11.379" classname="SampleTest.Sample.LoginTest"/>
</testsuite> <!-- SampleTest.Sample.LoginTest -->
